2025-01-21 23:16:06,096 - INFO - Merging pdfs: pdfs
2025-01-21 23:16:15,043 - INFO - Total characters: 2983447
2025-01-21 23:16:15,044 - INFO - Tokenizing text
2025-01-21 23:16:15,663 - INFO - Vocab size: 116
2025-01-21 23:16:15,663 - INFO - Creating model...
2025-01-21 23:16:16,815 - INFO - Creating optimizer...
2025-01-21 23:16:17,420 - INFO - Total parameters: 829812
2025-01-21 23:16:17,420 - INFO - Training...
2025-01-21 23:17:39,113 - INFO - Merging pdfs: pdfs
2025-01-21 23:17:47,987 - INFO - Total characters: 2983447
2025-01-21 23:17:47,988 - INFO - Tokenizing text
2025-01-21 23:17:48,596 - INFO - Vocab size: 116
2025-01-21 23:17:48,596 - INFO - Creating model...
2025-01-21 23:17:49,747 - INFO - Creating optimizer...
2025-01-21 23:17:50,337 - INFO - Total parameters: 829812
2025-01-21 23:17:50,338 - INFO - Training...
2025-01-21 23:19:07,966 - INFO - Merging pdfs: pdfs
2025-01-21 23:19:17,016 - INFO - Total characters: 2983447
2025-01-21 23:19:17,017 - INFO - Tokenizing text
2025-01-21 23:19:17,628 - INFO - Vocab size: 116
2025-01-21 23:19:17,629 - INFO - Creating model...
2025-01-21 23:19:18,779 - INFO - Creating optimizer...
2025-01-21 23:19:19,378 - INFO - Total parameters: 829812
2025-01-21 23:19:19,378 - INFO - Training...
2025-01-21 23:31:32,610 - INFO - Merging pdfs: pdfs
2025-01-21 23:31:41,919 - INFO - Total characters: 2983447
2025-01-21 23:31:41,920 - INFO - Tokenizing text
2025-01-21 23:31:42,565 - INFO - Vocab size: ['\n', ' ', '!', '"', '&', "'", '(', ')', ',', '-', '.', '/', '0', '1', '2', '3', '4', '5', '6', '7', '8', '9', ':', ';', '<', '>', '?', '@', 'A', 'B', 'C', 'D', 'E', 'F', 'G', 'H', 'I', 'J', 'K', 'L', 'M', 'N', 'O', 'P', 'Q', 'R', 'S', 'T', 'U', 'V', 'W', 'X', 'Y', 'Z', '\\', ']', '_', '`', 'a', 'b', 'c', 'd', 'e', 'f', 'g', 'h', 'i', 'j', 'k', 'l', 'm', 'n', 'o', 'p', 'q', 'r', 's', 't', 'u', 'v', 'w', 'x', 'y', 'z', '{', '~', '¡', '©', '«', '»', '¿', 'Á', 'É', 'Í', 'Ñ', 'Ó', 'Ú', 'á', 'â', 'ç', 'è', 'é', 'í', 'î', 'ñ', 'ó', 'ö', 'ú', 'ü', '–', '—', '‘', '’', '“', '”', '…']
2025-01-21 23:31:42,565 - INFO - Creating model...
2025-01-21 23:32:20,821 - INFO - Merging pdfs: pdfs
2025-01-21 23:32:30,228 - INFO - Total characters: 2983447
2025-01-21 23:32:30,229 - INFO - Tokenizing text
2025-01-21 23:32:30,877 - INFO - Vocab size: 116
2025-01-21 23:32:30,877 - INFO - Creating model...
2025-01-21 23:32:32,026 - INFO - Creating optimizer...
2025-01-21 23:32:32,663 - INFO - Total parameters: 829812
2025-01-21 23:32:32,663 - INFO - Training...
2025-01-21 23:35:05,897 - INFO - Merging pdfs: pdfs
2025-01-21 23:35:14,965 - INFO - Total characters: 2983447
2025-01-21 23:35:14,966 - INFO - Tokenizing text
2025-01-21 23:35:15,637 - INFO - Vocab size: 116
2025-01-21 23:35:15,637 - INFO - Creating model...
2025-01-21 23:35:16,787 - INFO - Creating optimizer...
2025-01-21 23:35:17,375 - INFO - Total parameters: 821748
2025-01-21 23:35:17,375 - INFO - Training...
2025-01-22 08:29:55,796 - INFO - Merging pdfs: pdfs
2025-01-22 08:30:04,552 - INFO - Total characters: 2983447
2025-01-22 08:30:04,553 - INFO - Tokenizing text
2025-01-22 08:30:05,221 - INFO - Vocab size: 116
2025-01-22 08:30:05,221 - INFO - Creating model...
2025-01-22 08:30:06,392 - INFO - Creating optimizer...
2025-01-22 08:30:07,344 - INFO - Total parameters: 821620
2025-01-22 08:30:07,344 - INFO - Training...
2025-01-22 08:43:26,510 - INFO - Merging pdfs: pdfs
2025-01-22 08:43:35,948 - INFO - Total characters: 2983447
2025-01-22 08:43:35,949 - INFO - Tokenizing text
2025-01-22 08:43:36,298 - INFO - Vocab size: 116
2025-01-22 08:43:36,299 - INFO - Creating model...
2025-01-22 08:43:37,457 - INFO - Creating optimizer...
2025-01-22 08:43:38,104 - INFO - Total parameters: 821620
2025-01-22 08:43:38,104 - INFO - Training...
2025-01-22 08:44:55,788 - INFO - Merging pdfs: pdfs
2025-01-22 08:45:05,848 - INFO - Total characters: 2983447
2025-01-22 08:45:05,849 - INFO - Tokenizing text
2025-01-22 08:45:06,236 - INFO - Vocab size: 116
2025-01-22 08:45:06,236 - INFO - Creating model...
2025-01-22 08:45:07,397 - INFO - Creating optimizer...
2025-01-22 08:45:08,092 - INFO - Total parameters: 821620
2025-01-22 08:45:08,092 - INFO - Training...
2025-01-22 08:47:09,028 - INFO - Merging pdfs: pdfs
2025-01-22 08:47:18,261 - INFO - Total characters: 2983447
2025-01-22 08:47:18,262 - INFO - Tokenizing text
2025-01-22 08:47:18,619 - INFO - Vocab size: 116
2025-01-22 08:47:18,619 - INFO - Creating model...
2025-01-22 08:47:19,855 - INFO - Creating optimizer...
2025-01-22 08:47:20,465 - INFO - Total parameters: 821620
2025-01-22 08:47:20,465 - INFO - Training...
2025-01-22 08:48:07,123 - INFO - Merging pdfs: pdfs
2025-01-22 08:48:45,433 - INFO - Merging pdfs: pdfs
2025-01-22 08:48:55,277 - INFO - Total characters: 2983447
2025-01-22 08:48:55,278 - INFO - Tokenizing text
2025-01-22 08:48:55,644 - INFO - Vocab size: 116
2025-01-22 08:48:55,644 - INFO - Creating model...
2025-01-22 08:48:56,888 - INFO - Creating optimizer...
2025-01-22 08:48:57,556 - INFO - Total parameters: 821620
2025-01-22 08:48:57,556 - INFO - Training...
2025-01-22 08:48:58,031 - INFO - Epoch 1, Loss: 4.796802520751953
2025-01-22 08:48:58,051 - INFO - Epoch 1, Loss: 4.082784652709961
2025-01-22 08:48:58,069 - INFO - Epoch 1, Loss: 3.749274730682373
2025-01-22 08:48:58,087 - INFO - Epoch 1, Loss: 3.541396379470825
2025-01-22 08:48:58,104 - INFO - Epoch 1, Loss: 3.4100773334503174
2025-01-22 08:48:58,122 - INFO - Epoch 1, Loss: 3.3364222049713135
2025-01-22 08:48:58,139 - INFO - Epoch 1, Loss: 3.2628374099731445
2025-01-22 08:48:58,158 - INFO - Epoch 1, Loss: 3.187389612197876
2025-01-22 08:48:58,175 - INFO - Epoch 1, Loss: 3.1352877616882324
2025-01-22 08:48:58,192 - INFO - Epoch 1, Loss: 3.090303421020508
2025-01-22 08:48:58,209 - INFO - Epoch 1, Loss: 3.02234148979187
2025-01-22 08:48:58,227 - INFO - Epoch 1, Loss: 3.034722089767456
2025-01-22 08:48:58,244 - INFO - Epoch 1, Loss: 2.9829845428466797
2025-01-22 08:48:58,264 - INFO - Epoch 1, Loss: 2.95878005027771
2025-01-22 08:48:58,283 - INFO - Epoch 1, Loss: 2.912407159805298
2025-01-22 08:48:58,300 - INFO - Epoch 1, Loss: 2.8667218685150146
2025-01-22 08:48:58,318 - INFO - Epoch 1, Loss: 2.8312981128692627
2025-01-22 08:48:58,336 - INFO - Epoch 1, Loss: 2.7872250080108643
2025-01-22 08:48:58,353 - INFO - Epoch 1, Loss: 2.749086380004883
2025-01-22 08:48:58,372 - INFO - Epoch 1, Loss: 2.7561049461364746
2025-01-22 08:48:58,389 - INFO - Epoch 1, Loss: 2.697450876235962
2025-01-22 08:48:58,408 - INFO - Epoch 1, Loss: 2.7222867012023926
2025-01-22 08:48:58,427 - INFO - Epoch 1, Loss: 2.732785940170288
2025-01-22 08:48:58,445 - INFO - Epoch 1, Loss: 2.7318201065063477
2025-01-22 08:48:58,463 - INFO - Epoch 1, Loss: 2.672010898590088
2025-01-22 08:48:58,481 - INFO - Epoch 1, Loss: 2.673579692840576
2025-01-22 08:48:58,498 - INFO - Epoch 1, Loss: 2.6630935668945312
2025-01-22 08:48:58,516 - INFO - Epoch 1, Loss: 2.6812663078308105
2025-01-22 08:48:58,534 - INFO - Epoch 1, Loss: 2.6952691078186035
2025-01-22 08:48:58,551 - INFO - Epoch 1, Loss: 2.608253240585327
2025-01-22 08:48:58,569 - INFO - Epoch 1, Loss: 2.592400312423706
2025-01-22 08:48:58,587 - INFO - Epoch 1, Loss: 2.6389055252075195
2025-01-22 08:48:58,605 - INFO - Epoch 1, Loss: 2.597459554672241
2025-01-22 08:48:58,622 - INFO - Epoch 1, Loss: 2.63171124458313
2025-01-22 08:48:58,640 - INFO - Epoch 1, Loss: 2.589092969894409
2025-01-22 08:48:58,659 - INFO - Epoch 1, Loss: 2.576554775238037
2025-01-22 08:48:58,676 - INFO - Epoch 1, Loss: 2.6143581867218018
2025-01-22 08:48:58,694 - INFO - Epoch 1, Loss: 2.6223604679107666
2025-01-22 08:48:58,711 - INFO - Epoch 1, Loss: 2.5711724758148193
2025-01-22 08:48:58,730 - INFO - Epoch 1, Loss: 2.604703187942505
2025-01-22 08:48:58,747 - INFO - Epoch 1, Loss: 2.535660982131958
2025-01-22 08:48:58,766 - INFO - Epoch 1, Loss: 2.6406409740448
2025-01-22 08:48:58,784 - INFO - Epoch 1, Loss: 2.542008876800537
2025-01-22 08:48:58,801 - INFO - Epoch 1, Loss: 2.511634349822998
2025-01-22 08:48:58,818 - INFO - Epoch 1, Loss: 2.548281669616699
2025-01-22 08:48:58,835 - INFO - Epoch 1, Loss: 2.5331459045410156
2025-01-22 08:48:58,854 - INFO - Epoch 1, Loss: 2.542752981185913
2025-01-22 08:48:58,871 - INFO - Epoch 1, Loss: 2.5374128818511963
2025-01-22 08:48:58,888 - INFO - Epoch 1, Loss: 2.5456430912017822
2025-01-22 08:48:58,906 - INFO - Epoch 1, Loss: 2.5098512172698975
2025-01-22 08:48:58,924 - INFO - Epoch 1, Loss: 2.566279649734497
2025-01-22 08:48:58,941 - INFO - Epoch 1, Loss: 2.556727886199951
2025-01-22 08:48:58,959 - INFO - Epoch 1, Loss: 2.512221574783325
2025-01-22 08:48:58,977 - INFO - Epoch 1, Loss: 2.562896490097046
2025-01-22 08:48:58,995 - INFO - Epoch 1, Loss: 2.522455930709839
2025-01-22 08:48:59,013 - INFO - Epoch 1, Loss: 2.52451491355896
2025-01-22 08:48:59,030 - INFO - Epoch 1, Loss: 2.550654888153076
2025-01-22 08:48:59,049 - INFO - Epoch 1, Loss: 2.517418384552002
2025-01-22 08:48:59,066 - INFO - Epoch 1, Loss: 2.5038764476776123
2025-01-22 08:48:59,085 - INFO - Epoch 1, Loss: 2.5343923568725586
2025-01-22 08:48:59,103 - INFO - Epoch 1, Loss: 2.529956102371216
2025-01-22 08:48:59,121 - INFO - Epoch 1, Loss: 2.484398365020752
2025-01-22 08:48:59,139 - INFO - Epoch 1, Loss: 2.4845809936523438
2025-01-22 08:48:59,161 - INFO - Epoch 1, Loss: 2.463897466659546
2025-01-22 08:48:59,181 - INFO - Epoch 1, Loss: 2.479417324066162
2025-01-22 08:48:59,203 - INFO - Epoch 1, Loss: 2.4857170581817627
2025-01-22 08:48:59,223 - INFO - Epoch 1, Loss: 2.520220994949341
2025-01-22 08:48:59,243 - INFO - Epoch 1, Loss: 2.4887890815734863
2025-01-22 08:48:59,263 - INFO - Epoch 1, Loss: 2.5357775688171387
2025-01-22 08:48:59,284 - INFO - Epoch 1, Loss: 2.4366583824157715
2025-01-22 08:48:59,304 - INFO - Epoch 1, Loss: 2.451409101486206
2025-01-22 08:48:59,325 - INFO - Epoch 1, Loss: 2.479534149169922
2025-01-22 08:48:59,346 - INFO - Epoch 1, Loss: 2.4992804527282715
2025-01-22 08:48:59,366 - INFO - Epoch 1, Loss: 2.478785514831543
2025-01-22 08:48:59,384 - INFO - Epoch 1, Loss: 2.482619524002075
2025-01-22 08:48:59,403 - INFO - Epoch 1, Loss: 2.5107429027557373
2025-01-22 08:48:59,422 - INFO - Epoch 1, Loss: 2.478635311126709
2025-01-22 08:48:59,439 - INFO - Epoch 1, Loss: 2.4577183723449707
2025-01-22 08:48:59,457 - INFO - Epoch 1, Loss: 2.479372501373291
2025-01-22 08:48:59,475 - INFO - Epoch 1, Loss: 2.5117266178131104
2025-01-22 08:48:59,493 - INFO - Epoch 1, Loss: 2.4491984844207764
2025-01-22 08:48:59,511 - INFO - Epoch 1, Loss: 2.426513433456421
2025-01-22 08:48:59,529 - INFO - Epoch 1, Loss: 2.5035598278045654
2025-01-22 08:48:59,546 - INFO - Epoch 1, Loss: 2.495018243789673
2025-01-22 08:48:59,565 - INFO - Epoch 1, Loss: 2.4605565071105957
2025-01-22 08:48:59,583 - INFO - Epoch 1, Loss: 2.492469072341919
2025-01-22 08:48:59,602 - INFO - Epoch 1, Loss: 2.467369556427002
2025-01-22 08:48:59,620 - INFO - Epoch 1, Loss: 2.492107391357422
2025-01-22 08:48:59,639 - INFO - Epoch 1, Loss: 2.422793388366699
2025-01-22 08:48:59,656 - INFO - Epoch 1, Loss: 2.452103853225708
2025-01-22 08:48:59,674 - INFO - Epoch 1, Loss: 2.430421829223633
2025-01-22 08:48:59,692 - INFO - Epoch 1, Loss: 2.497880220413208
2025-01-22 08:48:59,710 - INFO - Epoch 1, Loss: 2.43093204498291
2025-01-22 08:48:59,728 - INFO - Epoch 1, Loss: 2.455791473388672
2025-01-22 08:48:59,745 - INFO - Epoch 1, Loss: 2.4795289039611816
2025-01-22 08:48:59,763 - INFO - Epoch 1, Loss: 2.442404270172119
2025-01-22 08:48:59,781 - INFO - Epoch 1, Loss: 2.4473602771759033
2025-01-22 08:48:59,800 - INFO - Epoch 1, Loss: 2.459519147872925
2025-01-22 08:48:59,818 - INFO - Epoch 1, Loss: 2.468484878540039
2025-01-22 08:48:59,837 - INFO - Epoch 1, Loss: 2.4583518505096436
2025-01-22 08:48:59,854 - INFO - Epoch 1, Loss: 2.438089370727539
2025-01-22 08:48:59,871 - INFO - Epoch 1, Loss: 2.4268746376037598
2025-01-22 08:48:59,889 - INFO - Epoch 1, Loss: 2.4325270652770996
2025-01-22 08:48:59,908 - INFO - Epoch 1, Loss: 2.4589192867279053
2025-01-22 08:48:59,925 - INFO - Epoch 1, Loss: 2.4376871585845947
2025-01-22 08:48:59,943 - INFO - Epoch 1, Loss: 2.448378801345825
2025-01-22 08:48:59,962 - INFO - Epoch 1, Loss: 2.409738540649414
2025-01-22 08:48:59,980 - INFO - Epoch 1, Loss: 2.463878870010376
2025-01-22 08:49:00,001 - INFO - Epoch 1, Loss: 2.4579784870147705
2025-01-22 08:49:00,021 - INFO - Epoch 1, Loss: 2.435485601425171
2025-01-22 08:49:00,041 - INFO - Epoch 1, Loss: 2.479154109954834
2025-01-22 08:49:00,059 - INFO - Epoch 1, Loss: 2.4642868041992188
2025-01-22 08:49:00,076 - INFO - Epoch 1, Loss: 2.475719690322876
2025-01-22 08:49:00,094 - INFO - Epoch 1, Loss: 2.417604684829712
2025-01-22 08:49:00,111 - INFO - Epoch 1, Loss: 2.4432742595672607
2025-01-22 08:49:00,130 - INFO - Epoch 1, Loss: 2.436197280883789
2025-01-22 08:49:00,147 - INFO - Epoch 1, Loss: 2.4200990200042725
2025-01-22 08:49:00,165 - INFO - Epoch 1, Loss: 2.4138131141662598
2025-01-22 08:49:00,182 - INFO - Epoch 1, Loss: 2.4504189491271973
2025-01-22 08:49:00,202 - INFO - Epoch 1, Loss: 2.4642860889434814
2025-01-22 08:49:00,219 - INFO - Epoch 1, Loss: 2.4759228229522705
2025-01-22 08:49:00,237 - INFO - Epoch 1, Loss: 2.4328603744506836
2025-01-22 08:49:00,255 - INFO - Epoch 1, Loss: 2.409306287765503
2025-01-22 08:49:00,271 - INFO - Epoch 1, Loss: 2.409459114074707
2025-01-22 08:49:00,292 - INFO - Epoch 1, Loss: 2.399761199951172
2025-01-22 08:49:00,309 - INFO - Epoch 1, Loss: 2.404123306274414
2025-01-22 08:49:00,327 - INFO - Epoch 1, Loss: 2.3368148803710938
2025-01-22 08:49:00,344 - INFO - Epoch 1, Loss: 2.454885482788086
2025-01-22 08:49:00,363 - INFO - Epoch 1, Loss: 2.439058303833008
2025-01-22 08:49:00,381 - INFO - Epoch 1, Loss: 2.3681130409240723
2025-01-22 08:49:00,399 - INFO - Epoch 1, Loss: 2.40877628326416
2025-01-22 08:49:00,417 - INFO - Epoch 1, Loss: 2.436110258102417
2025-01-22 08:49:00,434 - INFO - Epoch 1, Loss: 2.419133424758911
2025-01-22 08:49:00,453 - INFO - Epoch 1, Loss: 2.425757884979248
2025-01-22 08:49:00,470 - INFO - Epoch 1, Loss: 2.379288911819458
2025-01-22 08:49:00,488 - INFO - Epoch 1, Loss: 2.411170482635498
2025-01-22 08:49:00,505 - INFO - Epoch 1, Loss: 2.3955864906311035
2025-01-22 08:49:00,524 - INFO - Epoch 1, Loss: 2.444648504257202
2025-01-22 08:49:00,541 - INFO - Epoch 1, Loss: 2.412470817565918
2025-01-22 08:49:00,560 - INFO - Epoch 1, Loss: 2.4107913970947266
2025-01-22 08:49:00,577 - INFO - Epoch 1, Loss: 2.4439876079559326
2025-01-22 08:49:00,593 - INFO - Epoch 1, Loss: 2.4222049713134766
2025-01-22 08:49:00,612 - INFO - Epoch 1, Loss: 2.4494991302490234
2025-01-22 08:49:00,630 - INFO - Epoch 1, Loss: 2.4084439277648926
2025-01-22 08:49:00,648 - INFO - Epoch 1, Loss: 2.453923225402832
2025-01-22 08:49:00,665 - INFO - Epoch 1, Loss: 2.3889667987823486
2025-01-22 08:49:00,683 - INFO - Epoch 1, Loss: 2.415436267852783
2025-01-22 08:49:00,701 - INFO - Epoch 1, Loss: 2.3967223167419434
2025-01-22 08:49:00,720 - INFO - Epoch 1, Loss: 2.402733564376831
2025-01-22 08:49:00,738 - INFO - Epoch 1, Loss: 2.397209644317627
2025-01-22 08:49:00,756 - INFO - Epoch 1, Loss: 2.4381608963012695
2025-01-22 08:49:00,775 - INFO - Epoch 1, Loss: 2.3659586906433105
2025-01-22 08:49:00,793 - INFO - Epoch 1, Loss: 2.394329309463501
2025-01-22 08:49:00,812 - INFO - Epoch 1, Loss: 2.4058971405029297
2025-01-22 08:49:00,830 - INFO - Epoch 1, Loss: 2.402477502822876
2025-01-22 08:49:00,849 - INFO - Epoch 1, Loss: 2.365819215774536
2025-01-22 08:49:00,866 - INFO - Epoch 1, Loss: 2.4145357608795166
2025-01-22 08:49:00,884 - INFO - Epoch 1, Loss: 2.395293951034546
2025-01-22 08:49:00,902 - INFO - Epoch 1, Loss: 2.4030330181121826
2025-01-22 08:49:00,921 - INFO - Epoch 1, Loss: 2.3976497650146484
2025-01-22 08:49:00,939 - INFO - Epoch 1, Loss: 2.4081103801727295
2025-01-22 08:49:00,956 - INFO - Epoch 1, Loss: 2.390955924987793
2025-01-22 08:49:00,974 - INFO - Epoch 1, Loss: 2.366360902786255
2025-01-22 08:49:00,992 - INFO - Epoch 1, Loss: 2.395352602005005
2025-01-22 08:49:01,010 - INFO - Epoch 1, Loss: 2.397876262664795
2025-01-22 08:49:01,027 - INFO - Epoch 1, Loss: 2.4324941635131836
2025-01-22 08:49:01,045 - INFO - Epoch 1, Loss: 2.3989856243133545
2025-01-22 08:49:01,063 - INFO - Epoch 1, Loss: 2.376276731491089
2025-01-22 08:49:01,081 - INFO - Epoch 1, Loss: 2.3987884521484375
2025-01-22 08:49:01,098 - INFO - Epoch 1, Loss: 2.350806713104248
2025-01-22 08:49:01,115 - INFO - Epoch 1, Loss: 2.369187831878662
2025-01-22 08:49:01,134 - INFO - Epoch 1, Loss: 2.3618216514587402
2025-01-22 08:49:01,151 - INFO - Epoch 1, Loss: 2.3959929943084717
2025-01-22 08:49:01,169 - INFO - Epoch 1, Loss: 2.384584426879883
2025-01-22 08:49:01,187 - INFO - Epoch 1, Loss: 2.3436832427978516
2025-01-22 08:49:01,206 - INFO - Epoch 1, Loss: 2.372791051864624
2025-01-22 08:49:01,224 - INFO - Epoch 1, Loss: 2.375124216079712
2025-01-22 08:49:01,243 - INFO - Epoch 1, Loss: 2.318798542022705
2025-01-22 08:49:01,261 - INFO - Epoch 1, Loss: 2.326657295227051
2025-01-22 08:49:01,280 - INFO - Epoch 1, Loss: 2.3594887256622314
2025-01-22 08:49:01,299 - INFO - Epoch 1, Loss: 2.332763910293579
2025-01-22 08:49:01,318 - INFO - Epoch 1, Loss: 2.324497938156128
2025-01-22 08:49:01,336 - INFO - Epoch 1, Loss: 2.3578922748565674
2025-01-22 08:49:01,354 - INFO - Epoch 1, Loss: 2.3496453762054443
2025-01-22 08:49:01,374 - INFO - Epoch 1, Loss: 2.3566343784332275
2025-01-22 08:49:01,391 - INFO - Epoch 1, Loss: 2.289656400680542
2025-01-22 08:49:01,409 - INFO - Epoch 1, Loss: 2.303933620452881
2025-01-22 08:49:01,427 - INFO - Epoch 1, Loss: 2.302816390991211
2025-01-22 08:49:01,444 - INFO - Epoch 1, Loss: 2.3197414875030518
2025-01-22 08:49:01,463 - INFO - Epoch 1, Loss: 2.3626201152801514
2025-01-22 08:49:01,481 - INFO - Epoch 1, Loss: 2.3676960468292236
2025-01-22 08:49:01,500 - INFO - Epoch 1, Loss: 2.3311147689819336
2025-01-22 08:49:01,519 - INFO - Epoch 1, Loss: 2.332817554473877
2025-01-22 08:49:01,537 - INFO - Epoch 1, Loss: 2.3878419399261475
2025-01-22 08:49:01,554 - INFO - Epoch 1, Loss: 2.3752665519714355
2025-01-22 08:49:01,572 - INFO - Epoch 1, Loss: 2.328068256378174
2025-01-22 08:49:01,590 - INFO - Epoch 1, Loss: 2.328174352645874
2025-01-22 08:49:01,609 - INFO - Epoch 1, Loss: 2.348501682281494
2025-01-22 08:49:01,627 - INFO - Epoch 1, Loss: 2.3335464000701904
2025-01-22 08:49:01,647 - INFO - Epoch 1, Loss: 2.339043378829956
2025-01-22 08:49:01,665 - INFO - Epoch 1, Loss: 2.3449888229370117
2025-01-22 08:49:01,683 - INFO - Epoch 1, Loss: 2.314338207244873
2025-01-22 08:49:01,701 - INFO - Epoch 1, Loss: 2.3468589782714844
2025-01-22 08:49:01,720 - INFO - Epoch 1, Loss: 2.31618070602417
2025-01-22 08:49:01,737 - INFO - Epoch 1, Loss: 2.338590621948242
2025-01-22 08:49:01,754 - INFO - Epoch 1, Loss: 2.3171613216400146
2025-01-22 08:49:01,774 - INFO - Epoch 1, Loss: 2.3012208938598633
2025-01-22 08:51:05,494 - INFO - Merging pdfs: pdfs
2025-01-22 08:51:14,312 - INFO - Total characters: 2983447
2025-01-22 08:51:14,313 - INFO - Tokenizing text
2025-01-22 08:51:14,670 - INFO - Vocab size: 116
2025-01-22 08:51:14,670 - INFO - Creating model...
2025-01-22 08:51:15,901 - INFO - Creating optimizer...
2025-01-22 08:51:16,470 - INFO - Total parameters: 821620
2025-01-22 08:51:16,470 - INFO - Training...
2025-01-22 08:51:16,839 - INFO - Epoch 1, Loss: 4.806737899780273
2025-01-22 08:51:16,857 - INFO - Epoch 1, Loss: 4.066091537475586
2025-01-22 08:51:16,874 - INFO - Epoch 1, Loss: 3.711171865463257
2025-01-22 08:51:16,891 - INFO - Epoch 1, Loss: 3.5168840885162354
2025-01-22 08:51:16,908 - INFO - Epoch 1, Loss: 3.3949241638183594
2025-01-22 08:51:16,925 - INFO - Epoch 1, Loss: 3.3407325744628906
2025-01-22 08:51:16,941 - INFO - Epoch 1, Loss: 3.2790615558624268
2025-01-22 08:51:16,958 - INFO - Epoch 1, Loss: 3.1640851497650146
2025-01-22 08:51:16,976 - INFO - Epoch 1, Loss: 3.119795322418213
2025-01-22 08:51:16,993 - INFO - Epoch 1, Loss: 3.141098976135254
2025-01-22 08:51:17,010 - INFO - Epoch 1, Loss: 3.0464301109313965
2025-01-22 08:51:17,026 - INFO - Epoch 1, Loss: 2.999185085296631
2025-01-22 08:51:17,043 - INFO - Epoch 1, Loss: 3.001544237136841
2025-01-22 08:51:17,060 - INFO - Epoch 1, Loss: 2.958397150039673
2025-01-22 08:51:17,077 - INFO - Epoch 1, Loss: 2.8795835971832275
2025-01-22 08:51:17,093 - INFO - Epoch 1, Loss: 2.889526128768921
2025-01-22 08:51:17,110 - INFO - Epoch 1, Loss: 2.8208303451538086
2025-01-22 08:51:17,126 - INFO - Epoch 1, Loss: 2.813344955444336
2025-01-22 08:51:17,143 - INFO - Epoch 1, Loss: 2.7846970558166504
2025-01-22 08:51:17,161 - INFO - Epoch 1, Loss: 2.7670891284942627
2025-01-22 08:51:17,178 - INFO - Epoch 1, Loss: 2.716897487640381
2025-01-22 08:51:17,195 - INFO - Epoch 1, Loss: 2.7468137741088867
2025-01-22 08:51:17,212 - INFO - Epoch 1, Loss: 2.7221426963806152
2025-01-22 08:51:17,230 - INFO - Epoch 1, Loss: 2.683154821395874
2025-01-22 08:51:17,247 - INFO - Epoch 1, Loss: 2.737931489944458
2025-01-22 08:51:17,264 - INFO - Epoch 1, Loss: 2.639366865158081
2025-01-22 08:51:17,281 - INFO - Epoch 1, Loss: 2.687941789627075
2025-01-22 08:51:17,298 - INFO - Epoch 1, Loss: 2.642512083053589
2025-01-22 08:51:17,315 - INFO - Epoch 1, Loss: 2.6505396366119385
2025-01-22 08:51:17,333 - INFO - Epoch 1, Loss: 2.6129238605499268
2025-01-22 08:51:17,349 - INFO - Epoch 1, Loss: 2.5982751846313477
2025-01-22 08:51:17,366 - INFO - Epoch 1, Loss: 2.5658929347991943
2025-01-22 08:51:17,384 - INFO - Epoch 1, Loss: 2.563840627670288
2025-01-22 08:51:17,401 - INFO - Epoch 1, Loss: 2.591654062271118
2025-01-22 08:51:17,418 - INFO - Epoch 1, Loss: 2.6144495010375977
2025-01-22 08:51:17,435 - INFO - Epoch 1, Loss: 2.5756001472473145
2025-01-22 08:51:17,453 - INFO - Epoch 1, Loss: 2.5637943744659424
2025-01-22 08:51:17,470 - INFO - Epoch 1, Loss: 2.6277825832366943
2025-01-22 08:51:17,487 - INFO - Epoch 1, Loss: 2.5348241329193115
2025-01-22 08:51:17,505 - INFO - Epoch 1, Loss: 2.5735228061676025
2025-01-22 08:51:17,521 - INFO - Epoch 1, Loss: 2.6114959716796875
2025-01-22 08:51:17,538 - INFO - Epoch 1, Loss: 2.5438716411590576
2025-01-22 08:51:17,555 - INFO - Epoch 1, Loss: 2.5939576625823975
2025-01-22 08:51:17,572 - INFO - Epoch 1, Loss: 2.521308183670044
2025-01-22 08:51:17,589 - INFO - Epoch 1, Loss: 2.5750176906585693
2025-01-22 08:51:17,606 - INFO - Epoch 1, Loss: 2.5727906227111816
2025-01-22 08:51:17,622 - INFO - Epoch 1, Loss: 2.5826759338378906
2025-01-22 08:51:17,639 - INFO - Epoch 1, Loss: 2.568058729171753
2025-01-22 08:51:17,656 - INFO - Epoch 1, Loss: 2.5539169311523438
2025-01-22 08:51:17,673 - INFO - Epoch 1, Loss: 2.538121223449707
2025-01-22 08:51:17,691 - INFO - Epoch 1, Loss: 2.5121395587921143
2025-01-22 08:51:17,707 - INFO - Epoch 1, Loss: 2.5175936222076416
2025-01-22 08:51:17,725 - INFO - Epoch 1, Loss: 2.5591073036193848
2025-01-22 08:51:17,742 - INFO - Epoch 1, Loss: 2.5506105422973633
2025-01-22 08:51:17,760 - INFO - Epoch 1, Loss: 2.4803171157836914
2025-01-22 08:51:17,777 - INFO - Epoch 1, Loss: 2.4929392337799072
2025-01-22 08:51:17,795 - INFO - Epoch 1, Loss: 2.5349044799804688
2025-01-22 08:51:17,813 - INFO - Epoch 1, Loss: 2.5303125381469727
2025-01-22 08:51:17,832 - INFO - Epoch 1, Loss: 2.527764320373535
2025-01-22 08:51:17,850 - INFO - Epoch 1, Loss: 2.524895191192627
2025-01-22 08:51:17,868 - INFO - Epoch 1, Loss: 2.489088535308838
2025-01-22 08:51:17,886 - INFO - Epoch 1, Loss: 2.4956307411193848
2025-01-22 08:51:17,904 - INFO - Epoch 1, Loss: 2.510693311691284
2025-01-22 08:51:17,921 - INFO - Epoch 1, Loss: 2.484701156616211
2025-01-22 08:51:17,939 - INFO - Epoch 1, Loss: 2.5567893981933594
2025-01-22 08:51:17,956 - INFO - Epoch 1, Loss: 2.486704111099243
2025-01-22 08:51:17,973 - INFO - Epoch 1, Loss: 2.47975754737854
2025-01-22 08:51:17,990 - INFO - Epoch 1, Loss: 2.5155649185180664
2025-01-22 08:51:18,007 - INFO - Epoch 1, Loss: 2.4866526126861572
2025-01-22 08:51:18,024 - INFO - Epoch 1, Loss: 2.4716384410858154
2025-01-22 08:51:18,043 - INFO - Epoch 1, Loss: 2.4978532791137695
2025-01-22 08:51:18,061 - INFO - Epoch 1, Loss: 2.4996790885925293
2025-01-22 08:51:18,078 - INFO - Epoch 1, Loss: 2.4614381790161133
2025-01-22 08:51:18,095 - INFO - Epoch 1, Loss: 2.50593900680542
2025-01-22 08:51:18,112 - INFO - Epoch 1, Loss: 2.4807634353637695
2025-01-22 08:51:18,129 - INFO - Epoch 1, Loss: 2.4402551651000977
2025-01-22 08:51:18,146 - INFO - Epoch 1, Loss: 2.476308584213257
2025-01-22 08:51:18,164 - INFO - Epoch 1, Loss: 2.45900297164917
2025-01-22 08:51:18,181 - INFO - Epoch 1, Loss: 2.507603168487549
2025-01-22 08:51:18,199 - INFO - Epoch 1, Loss: 2.482408285140991
2025-01-22 08:51:18,217 - INFO - Epoch 1, Loss: 2.497624397277832
2025-01-22 08:51:18,235 - INFO - Epoch 1, Loss: 2.470684289932251
2025-01-22 08:51:18,252 - INFO - Epoch 1, Loss: 2.4501543045043945
2025-01-22 08:51:18,269 - INFO - Epoch 1, Loss: 2.49924898147583
2025-01-22 08:51:18,286 - INFO - Epoch 1, Loss: 2.4931180477142334
2025-01-22 08:51:18,304 - INFO - Epoch 1, Loss: 2.4535200595855713
2025-01-22 08:51:18,321 - INFO - Epoch 1, Loss: 2.497288703918457
2025-01-22 08:51:18,339 - INFO - Epoch 1, Loss: 2.446481466293335
2025-01-22 08:51:18,360 - INFO - Epoch 1, Loss: 2.476320505142212
2025-01-22 08:51:18,378 - INFO - Epoch 1, Loss: 2.481464385986328
2025-01-22 08:51:18,394 - INFO - Epoch 1, Loss: 2.480050802230835
2025-01-22 08:51:18,412 - INFO - Epoch 1, Loss: 2.4693257808685303
2025-01-22 08:51:18,428 - INFO - Epoch 1, Loss: 2.3862762451171875
2025-01-22 08:51:18,445 - INFO - Epoch 1, Loss: 2.416975259780884
2025-01-22 08:51:18,462 - INFO - Epoch 1, Loss: 2.445448398590088
2025-01-22 08:51:18,479 - INFO - Epoch 1, Loss: 2.4420745372772217
2025-01-22 08:51:18,495 - INFO - Epoch 1, Loss: 2.447225570678711
2025-01-22 08:51:18,513 - INFO - Epoch 1, Loss: 2.488581418991089
2025-01-22 08:51:18,530 - INFO - Epoch 1, Loss: 2.483858585357666
2025-01-22 08:51:18,546 - INFO - Epoch 1, Loss: 2.454987049102783
2025-01-22 08:51:18,563 - INFO - Epoch 1, Loss: 2.4632043838500977
2025-01-22 08:51:18,580 - INFO - Epoch 1, Loss: 2.4576711654663086
2025-01-22 08:51:18,597 - INFO - Epoch 1, Loss: 2.426804780960083
2025-01-22 08:51:18,614 - INFO - Epoch 1, Loss: 2.473649024963379
2025-01-22 08:51:18,630 - INFO - Epoch 1, Loss: 2.413137674331665
2025-01-22 08:51:18,647 - INFO - Epoch 1, Loss: 2.4678046703338623
2025-01-22 08:51:18,664 - INFO - Epoch 1, Loss: 2.439764976501465
2025-01-22 08:51:18,681 - INFO - Epoch 1, Loss: 2.419719934463501
2025-01-22 08:51:18,699 - INFO - Epoch 1, Loss: 2.440011501312256
2025-01-22 08:51:18,717 - INFO - Epoch 1, Loss: 2.414238691329956
2025-01-22 08:51:18,734 - INFO - Epoch 1, Loss: 2.436246395111084
2025-01-22 08:51:18,750 - INFO - Epoch 1, Loss: 2.435544729232788
2025-01-22 08:51:18,767 - INFO - Epoch 1, Loss: 2.445233106613159
2025-01-22 08:51:18,784 - INFO - Epoch 1, Loss: 2.4704463481903076
2025-01-22 08:51:18,801 - INFO - Epoch 1, Loss: 2.4297430515289307
2025-01-22 08:51:18,819 - INFO - Epoch 1, Loss: 2.4046366214752197
2025-01-22 08:51:18,836 - INFO - Epoch 1, Loss: 2.427720546722412
2025-01-22 08:51:18,853 - INFO - Epoch 1, Loss: 2.4272165298461914
2025-01-22 08:51:18,870 - INFO - Epoch 1, Loss: 2.4403464794158936
2025-01-22 08:51:18,887 - INFO - Epoch 1, Loss: 2.464776039123535
2025-01-22 08:51:18,903 - INFO - Epoch 1, Loss: 2.3946890830993652
2025-01-22 08:51:18,920 - INFO - Epoch 1, Loss: 2.420039415359497
2025-01-22 08:51:18,937 - INFO - Epoch 1, Loss: 2.4124321937561035
2025-01-22 08:51:18,953 - INFO - Epoch 1, Loss: 2.39212965965271
2025-01-22 08:51:18,970 - INFO - Epoch 1, Loss: 2.4220705032348633
2025-01-22 08:51:18,987 - INFO - Epoch 1, Loss: 2.437694549560547
2025-01-22 08:51:19,004 - INFO - Epoch 1, Loss: 2.3982553482055664
2025-01-22 08:51:19,021 - INFO - Epoch 1, Loss: 2.39909029006958
2025-01-22 08:51:19,037 - INFO - Epoch 1, Loss: 2.3868672847747803
2025-01-22 08:51:19,054 - INFO - Epoch 1, Loss: 2.438826322555542
2025-01-22 08:51:19,070 - INFO - Epoch 1, Loss: 2.42350435256958
2025-01-22 08:51:19,088 - INFO - Epoch 1, Loss: 2.42232084274292
2025-01-22 08:51:19,106 - INFO - Epoch 1, Loss: 2.4766945838928223
2025-01-22 08:51:19,123 - INFO - Epoch 1, Loss: 2.4552724361419678
2025-01-22 08:51:19,140 - INFO - Epoch 1, Loss: 2.36848783493042
2025-01-22 08:51:19,157 - INFO - Epoch 1, Loss: 2.420513868331909
2025-01-22 08:51:19,174 - INFO - Epoch 1, Loss: 2.417682409286499
2025-01-22 08:51:19,192 - INFO - Epoch 1, Loss: 2.4361305236816406
2025-01-22 08:51:19,210 - INFO - Epoch 1, Loss: 2.421083688735962
2025-01-22 08:51:19,228 - INFO - Epoch 1, Loss: 2.404813051223755
2025-01-22 08:51:19,245 - INFO - Epoch 1, Loss: 2.3794925212860107
2025-01-22 08:51:19,262 - INFO - Epoch 1, Loss: 2.3987948894500732
2025-01-22 08:51:19,279 - INFO - Epoch 1, Loss: 2.3964321613311768
2025-01-22 08:51:19,296 - INFO - Epoch 1, Loss: 2.4135775566101074
2025-01-22 08:51:19,313 - INFO - Epoch 1, Loss: 2.386693000793457
2025-01-22 08:51:19,330 - INFO - Epoch 1, Loss: 2.4141974449157715
2025-01-22 08:51:19,347 - INFO - Epoch 1, Loss: 2.3784279823303223
2025-01-22 08:51:19,363 - INFO - Epoch 1, Loss: 2.402860164642334
2025-01-22 08:51:19,381 - INFO - Epoch 1, Loss: 2.389617681503296
2025-01-22 08:51:19,398 - INFO - Epoch 1, Loss: 2.3976340293884277
2025-01-22 08:51:19,415 - INFO - Epoch 1, Loss: 2.3715837001800537
2025-01-22 08:51:19,433 - INFO - Epoch 1, Loss: 2.391530990600586
2025-01-22 08:51:19,449 - INFO - Epoch 1, Loss: 2.3900132179260254
2025-01-22 08:51:19,466 - INFO - Epoch 1, Loss: 2.432072162628174
2025-01-22 08:51:19,483 - INFO - Epoch 1, Loss: 2.356785535812378
2025-01-22 08:51:19,499 - INFO - Epoch 1, Loss: 2.387164354324341
2025-01-22 08:51:19,516 - INFO - Epoch 1, Loss: 2.4119713306427
2025-01-22 08:51:19,533 - INFO - Epoch 1, Loss: 2.3737947940826416
2025-01-22 08:51:19,549 - INFO - Epoch 1, Loss: 2.3873178958892822
2025-01-22 08:51:19,566 - INFO - Epoch 1, Loss: 2.342493772506714
2025-01-22 08:51:19,583 - INFO - Epoch 1, Loss: 2.375159740447998
2025-01-22 08:51:19,600 - INFO - Epoch 1, Loss: 2.3608951568603516
2025-01-22 08:51:19,617 - INFO - Epoch 1, Loss: 2.4086501598358154
2025-01-22 08:51:19,634 - INFO - Epoch 1, Loss: 2.396238327026367
2025-01-22 08:51:19,651 - INFO - Epoch 1, Loss: 2.3665711879730225
2025-01-22 08:51:19,668 - INFO - Epoch 1, Loss: 2.376695394515991
2025-01-22 08:51:19,685 - INFO - Epoch 1, Loss: 2.387852191925049
2025-01-22 08:51:19,702 - INFO - Epoch 1, Loss: 2.3968663215637207
2025-01-22 08:51:19,719 - INFO - Epoch 1, Loss: 2.3709793090820312
2025-01-22 08:51:19,737 - INFO - Epoch 1, Loss: 2.310128927230835
2025-01-22 08:51:19,756 - INFO - Epoch 1, Loss: 2.3776354789733887
2025-01-22 08:51:19,773 - INFO - Epoch 1, Loss: 2.319965124130249
2025-01-22 08:51:19,792 - INFO - Epoch 1, Loss: 2.341733932495117
2025-01-22 08:51:19,810 - INFO - Epoch 1, Loss: 2.3504478931427
2025-01-22 08:51:19,827 - INFO - Epoch 1, Loss: 2.341986656188965
2025-01-22 08:51:19,844 - INFO - Epoch 1, Loss: 2.3103415966033936
2025-01-22 08:51:19,861 - INFO - Epoch 1, Loss: 2.335649251937866
2025-01-22 08:51:19,878 - INFO - Epoch 1, Loss: 2.3298544883728027
2025-01-22 08:51:19,895 - INFO - Epoch 1, Loss: 2.345010995864868
2025-01-22 08:51:19,912 - INFO - Epoch 1, Loss: 2.3932859897613525
2025-01-22 08:51:19,929 - INFO - Epoch 1, Loss: 2.3789334297180176
2025-01-22 08:51:19,946 - INFO - Epoch 1, Loss: 2.3778488636016846
2025-01-22 08:51:19,962 - INFO - Epoch 1, Loss: 2.345775604248047
2025-01-22 08:51:19,980 - INFO - Epoch 1, Loss: 2.34991717338562
2025-01-22 08:51:19,997 - INFO - Epoch 1, Loss: 2.360812187194824
2025-01-22 08:51:20,013 - INFO - Epoch 1, Loss: 2.377488374710083
2025-01-22 08:51:20,030 - INFO - Epoch 1, Loss: 2.362283706665039
2025-01-22 08:51:20,048 - INFO - Epoch 1, Loss: 2.324427843093872
2025-01-22 08:51:20,065 - INFO - Epoch 1, Loss: 2.3198604583740234
2025-01-22 08:51:20,082 - INFO - Epoch 1, Loss: 2.3574318885803223
2025-01-22 08:51:20,100 - INFO - Epoch 1, Loss: 2.377023220062256
2025-01-22 08:51:20,117 - INFO - Epoch 1, Loss: 2.29575777053833
2025-01-22 08:51:20,134 - INFO - Epoch 1, Loss: 2.317145824432373
2025-01-22 08:51:20,151 - INFO - Epoch 1, Loss: 2.349565267562866
2025-01-22 08:51:20,168 - INFO - Epoch 1, Loss: 2.353787899017334
2025-01-22 08:51:20,185 - INFO - Epoch 1, Loss: 2.3304576873779297
2025-01-22 08:51:20,202 - INFO - Epoch 1, Loss: 2.300523519515991
2025-01-22 08:51:20,220 - INFO - Epoch 1, Loss: 2.3052494525909424
2025-01-22 08:51:20,237 - INFO - Epoch 1, Loss: 2.3880252838134766
2025-01-22 08:51:20,256 - INFO - Epoch 1, Loss: 2.297523021697998
2025-01-22 08:51:20,273 - INFO - Epoch 1, Loss: 2.3499810695648193
2025-01-22 08:51:20,291 - INFO - Epoch 1, Loss: 2.3203811645507812
2025-01-22 08:51:20,308 - INFO - Epoch 1, Loss: 2.2999050617218018
2025-01-22 08:51:20,325 - INFO - Epoch 1, Loss: 2.3147048950195312
2025-01-22 08:51:20,342 - INFO - Epoch 1, Loss: 2.3176825046539307
2025-01-22 08:51:20,359 - INFO - Epoch 1, Loss: 2.3430325984954834
2025-01-22 08:51:20,375 - INFO - Epoch 1, Loss: 2.32072377204895
2025-01-22 08:51:20,393 - INFO - Epoch 1, Loss: 2.299409866333008
2025-01-22 08:51:20,409 - INFO - Epoch 1, Loss: 2.343244791030884
2025-01-22 08:51:20,427 - INFO - Epoch 1, Loss: 2.3393969535827637
2025-01-22 08:51:20,444 - INFO - Epoch 1, Loss: 2.32881236076355
2025-01-22 08:51:20,460 - INFO - Epoch 1, Loss: 2.3035271167755127
2025-01-22 08:51:20,478 - INFO - Epoch 1, Loss: 2.3415980339050293
2025-01-22 08:51:20,494 - INFO - Epoch 1, Loss: 2.355228900909424
2025-01-22 08:51:20,512 - INFO - Epoch 1, Loss: 2.3173234462738037
2025-01-22 08:51:20,530 - INFO - Epoch 1, Loss: 2.347362518310547
2025-01-22 08:51:20,547 - INFO - Epoch 1, Loss: 2.3119142055511475
2025-01-22 08:51:20,564 - INFO - Epoch 1, Loss: 2.3395071029663086
2025-01-22 08:51:20,580 - INFO - Epoch 1, Loss: 2.30165696144104
2025-01-22 08:51:20,598 - INFO - Epoch 1, Loss: 2.3578338623046875
2025-01-22 08:51:20,615 - INFO - Epoch 1, Loss: 2.2468605041503906
2025-01-22 08:51:20,631 - INFO - Epoch 1, Loss: 2.33036208152771
2025-01-22 08:51:20,648 - INFO - Epoch 1, Loss: 2.2685141563415527
2025-01-22 08:51:20,665 - INFO - Epoch 1, Loss: 2.309295415878296
2025-01-22 08:51:20,683 - INFO - Epoch 1, Loss: 2.298358917236328
2025-01-22 08:51:20,700 - INFO - Epoch 1, Loss: 2.2776167392730713
2025-01-22 08:51:20,716 - INFO - Epoch 1, Loss: 2.327366828918457
2025-01-22 08:51:20,733 - INFO - Epoch 1, Loss: 2.282841205596924
2025-01-22 08:51:20,749 - INFO - Epoch 1, Loss: 2.2655160427093506
2025-01-22 08:51:20,767 - INFO - Epoch 1, Loss: 2.3133432865142822
2025-01-22 08:51:20,784 - INFO - Epoch 1, Loss: 2.3306522369384766
2025-01-22 08:51:20,802 - INFO - Epoch 1, Loss: 2.2879509925842285
2025-01-22 08:51:20,819 - INFO - Epoch 1, Loss: 2.281740665435791
2025-01-22 08:51:20,836 - INFO - Epoch 1, Loss: 2.3120315074920654
2025-01-22 08:51:20,853 - INFO - Epoch 1, Loss: 2.252875566482544
2025-01-22 08:51:20,870 - INFO - Epoch 1, Loss: 2.2641918659210205
2025-01-22 08:51:20,888 - INFO - Epoch 1, Loss: 2.2860026359558105
2025-01-22 08:51:20,905 - INFO - Epoch 1, Loss: 2.2662668228149414
2025-01-22 08:51:20,922 - INFO - Epoch 1, Loss: 2.2605743408203125
2025-01-22 08:51:20,938 - INFO - Epoch 1, Loss: 2.2885496616363525
2025-01-22 08:51:20,955 - INFO - Epoch 1, Loss: 2.278109312057495
2025-01-22 08:51:20,971 - INFO - Epoch 1, Loss: 2.272442102432251
2025-01-22 08:51:20,988 - INFO - Epoch 1, Loss: 2.286450147628784
2025-01-22 08:51:21,005 - INFO - Epoch 1, Loss: 2.2426276206970215
2025-01-22 08:51:21,022 - INFO - Epoch 1, Loss: 2.278001546859741
2025-01-22 08:51:21,038 - INFO - Epoch 1, Loss: 2.273743152618408
2025-01-22 08:51:21,055 - INFO - Epoch 1, Loss: 2.287327766418457
2025-01-22 08:51:21,072 - INFO - Epoch 1, Loss: 2.2783262729644775
2025-01-22 08:51:21,088 - INFO - Epoch 1, Loss: 2.284764051437378
2025-01-22 08:51:21,105 - INFO - Epoch 1, Loss: 2.2608885765075684
2025-01-22 08:51:21,121 - INFO - Epoch 1, Loss: 2.251251697540283
2025-01-22 08:51:21,138 - INFO - Epoch 1, Loss: 2.268765687942505
2025-01-22 08:51:21,154 - INFO - Epoch 1, Loss: 2.266348123550415
2025-01-22 08:51:21,171 - INFO - Epoch 1, Loss: 2.298474073410034
2025-01-22 08:51:21,188 - INFO - Epoch 1, Loss: 2.2621042728424072
2025-01-22 08:51:21,204 - INFO - Epoch 1, Loss: 2.281019926071167
2025-01-22 08:51:21,221 - INFO - Epoch 1, Loss: 2.2781522274017334
2025-01-22 08:51:21,237 - INFO - Epoch 1, Loss: 2.2298104763031006
2025-01-22 08:51:21,254 - INFO - Epoch 1, Loss: 2.256139039993286
2025-01-22 08:51:21,270 - INFO - Epoch 1, Loss: 2.2756874561309814
2025-01-22 08:51:21,286 - INFO - Epoch 1, Loss: 2.2781710624694824
2025-01-22 08:51:21,303 - INFO - Epoch 1, Loss: 2.223438024520874
2025-01-22 08:51:21,320 - INFO - Epoch 1, Loss: 2.2746615409851074
2025-01-22 08:51:21,336 - INFO - Epoch 1, Loss: 2.2690231800079346
2025-01-22 08:51:21,353 - INFO - Epoch 1, Loss: 2.202383518218994
2025-01-22 08:51:21,369 - INFO - Epoch 1, Loss: 2.262336015701294
2025-01-22 08:51:21,386 - INFO - Epoch 1, Loss: 2.2355315685272217
2025-01-22 08:51:21,402 - INFO - Epoch 1, Loss: 2.2785117626190186
2025-01-22 08:51:21,419 - INFO - Epoch 1, Loss: 2.2164463996887207
2025-01-22 08:51:21,435 - INFO - Epoch 1, Loss: 2.2729203701019287
2025-01-22 08:51:21,452 - INFO - Epoch 1, Loss: 2.239691972732544
2025-01-22 08:51:21,468 - INFO - Epoch 1, Loss: 2.2359652519226074
2025-01-22 08:51:21,484 - INFO - Epoch 1, Loss: 2.1972439289093018
2025-01-22 08:51:21,501 - INFO - Epoch 1, Loss: 2.1357827186584473
2025-01-22 08:51:21,518 - INFO - Epoch 1, Loss: 2.253391742706299
2025-01-22 08:51:21,534 - INFO - Epoch 1, Loss: 2.2898402214050293
2025-01-22 08:51:21,551 - INFO - Epoch 1, Loss: 2.230926752090454
2025-01-22 08:51:21,568 - INFO - Epoch 1, Loss: 2.2891640663146973
2025-01-22 08:51:21,584 - INFO - Epoch 1, Loss: 2.2502543926239014
2025-01-22 08:51:21,602 - INFO - Epoch 1, Loss: 2.1838884353637695
2025-01-22 08:51:21,619 - INFO - Epoch 1, Loss: 2.2259328365325928
2025-01-22 08:51:21,637 - INFO - Epoch 1, Loss: 2.2395665645599365
2025-01-22 08:51:21,654 - INFO - Epoch 1, Loss: 2.230742931365967
2025-01-22 08:51:21,671 - INFO - Epoch 1, Loss: 2.2600655555725098
2025-01-22 08:51:21,688 - INFO - Epoch 1, Loss: 2.248019218444824
2025-01-22 08:51:21,704 - INFO - Epoch 1, Loss: 2.2470996379852295
2025-01-22 08:51:21,722 - INFO - Epoch 1, Loss: 2.229506492614746
2025-01-22 08:51:21,739 - INFO - Epoch 1, Loss: 2.1706907749176025
2025-01-22 08:51:21,756 - INFO - Epoch 1, Loss: 2.2460267543792725
2025-01-22 08:51:21,772 - INFO - Epoch 1, Loss: 2.255295991897583
2025-01-22 08:51:21,789 - INFO - Epoch 1, Loss: 2.222368001937866
2025-01-22 08:51:21,806 - INFO - Epoch 1, Loss: 2.22629714012146
2025-01-22 08:51:21,823 - INFO - Epoch 1, Loss: 2.281095027923584
2025-01-22 08:51:21,839 - INFO - Epoch 1, Loss: 2.2524423599243164
2025-01-22 08:51:21,856 - INFO - Epoch 1, Loss: 2.244889259338379
2025-01-22 08:51:21,872 - INFO - Epoch 1, Loss: 2.223480701446533
2025-01-22 08:51:21,890 - INFO - Epoch 1, Loss: 2.2258293628692627
2025-01-22 08:51:21,906 - INFO - Epoch 1, Loss: 2.2101573944091797
2025-01-22 08:51:21,923 - INFO - Epoch 1, Loss: 2.1887707710266113
2025-01-22 08:51:21,940 - INFO - Epoch 1, Loss: 2.2515804767608643
2025-01-22 08:51:21,956 - INFO - Epoch 1, Loss: 2.2427854537963867
2025-01-22 08:51:21,973 - INFO - Epoch 1, Loss: 2.228792667388916
2025-01-22 08:51:21,989 - INFO - Epoch 1, Loss: 2.209209680557251
2025-01-22 08:51:22,007 - INFO - Epoch 1, Loss: 2.1929357051849365
2025-01-22 08:51:22,024 - INFO - Epoch 1, Loss: 2.1972696781158447
2025-01-22 08:51:22,040 - INFO - Epoch 1, Loss: 2.236971855163574
2025-01-22 08:51:22,057 - INFO - Epoch 1, Loss: 2.22283935546875
2025-01-22 08:51:22,074 - INFO - Epoch 1, Loss: 2.1827328205108643
2025-01-22 08:51:22,090 - INFO - Epoch 1, Loss: 2.1696791648864746
2025-01-22 08:51:22,107 - INFO - Epoch 1, Loss: 2.1599597930908203
2025-01-22 08:51:22,124 - INFO - Epoch 1, Loss: 2.2262511253356934
2025-01-22 08:51:22,140 - INFO - Epoch 1, Loss: 2.214207887649536
2025-01-22 08:51:22,157 - INFO - Epoch 1, Loss: 2.200924873352051
2025-01-22 08:51:22,174 - INFO - Epoch 1, Loss: 2.210949182510376
2025-01-22 08:51:22,190 - INFO - Epoch 1, Loss: 2.212860345840454
2025-01-22 08:51:22,206 - INFO - Epoch 1, Loss: 2.2006032466888428
2025-01-22 08:51:22,223 - INFO - Epoch 1, Loss: 2.156595230102539
2025-01-22 08:51:22,239 - INFO - Epoch 1, Loss: 2.1837809085845947
2025-01-22 08:51:22,256 - INFO - Epoch 1, Loss: 2.1836905479431152
2025-01-22 08:51:22,272 - INFO - Epoch 1, Loss: 2.164452075958252
2025-01-22 08:51:22,289 - INFO - Epoch 1, Loss: 2.2329838275909424
2025-01-22 08:51:22,305 - INFO - Epoch 1, Loss: 2.2227165699005127
2025-01-22 08:51:22,322 - INFO - Epoch 1, Loss: 2.213231325149536
2025-01-22 08:51:22,338 - INFO - Epoch 1, Loss: 2.1351208686828613
2025-01-22 08:51:22,355 - INFO - Epoch 1, Loss: 2.203763246536255
2025-01-22 08:51:22,371 - INFO - Epoch 1, Loss: 2.2174272537231445
2025-01-22 08:51:22,388 - INFO - Epoch 1, Loss: 2.2381949424743652
2025-01-22 08:51:22,404 - INFO - Epoch 1, Loss: 2.1727824211120605
2025-01-22 08:51:22,421 - INFO - Epoch 1, Loss: 2.164163589477539
2025-01-22 08:51:22,437 - INFO - Epoch 1, Loss: 2.2093913555145264
2025-01-22 08:51:22,454 - INFO - Epoch 1, Loss: 2.176673412322998
2025-01-22 08:51:22,470 - INFO - Epoch 1, Loss: 2.2262802124023438
2025-01-22 08:51:22,487 - INFO - Epoch 1, Loss: 2.1507599353790283
2025-01-22 08:51:22,504 - INFO - Epoch 1, Loss: 2.203367233276367
2025-01-22 08:51:22,521 - INFO - Epoch 1, Loss: 2.1732726097106934
2025-01-22 08:51:22,538 - INFO - Epoch 1, Loss: 2.193673849105835
2025-01-22 08:51:22,554 - INFO - Epoch 1, Loss: 2.2022957801818848
2025-01-22 08:51:22,571 - INFO - Epoch 1, Loss: 2.1448402404785156
2025-01-22 08:51:22,587 - INFO - Epoch 1, Loss: 2.232027769088745
2025-01-22 08:51:22,604 - INFO - Epoch 1, Loss: 2.2181477546691895
2025-01-22 08:51:22,621 - INFO - Epoch 1, Loss: 2.1873793601989746
2025-01-22 08:51:22,639 - INFO - Epoch 1, Loss: 2.1931047439575195
2025-01-22 08:51:22,657 - INFO - Epoch 1, Loss: 2.170912504196167
2025-01-22 08:51:22,674 - INFO - Epoch 1, Loss: 2.19160795211792
2025-01-22 08:51:22,692 - INFO - Epoch 1, Loss: 2.18540096282959
2025-01-22 08:51:22,709 - INFO - Epoch 1, Loss: 2.1889142990112305
2025-01-22 08:51:22,726 - INFO - Epoch 1, Loss: 2.16787052154541
2025-01-22 08:51:22,743 - INFO - Epoch 1, Loss: 2.1990163326263428
2025-01-22 08:51:22,762 - INFO - Epoch 1, Loss: 2.186479091644287
2025-01-22 08:51:22,779 - INFO - Epoch 1, Loss: 2.1697838306427
2025-01-22 08:51:22,797 - INFO - Epoch 1, Loss: 2.1633217334747314
2025-01-22 08:51:22,814 - INFO - Epoch 1, Loss: 2.1855974197387695
2025-01-22 08:51:22,832 - INFO - Epoch 1, Loss: 2.1968486309051514
2025-01-22 08:51:22,850 - INFO - Epoch 1, Loss: 2.140366792678833
2025-01-22 08:51:22,868 - INFO - Epoch 1, Loss: 2.2123634815216064
2025-01-22 08:51:22,886 - INFO - Epoch 1, Loss: 2.191884756088257
2025-01-22 08:51:22,904 - INFO - Epoch 1, Loss: 2.1533493995666504
2025-01-22 08:51:22,922 - INFO - Epoch 1, Loss: 2.1702024936676025
2025-01-22 08:51:22,940 - INFO - Epoch 1, Loss: 2.1399569511413574
2025-01-22 08:51:22,958 - INFO - Epoch 1, Loss: 2.1762685775756836
2025-01-22 08:51:22,975 - INFO - Epoch 1, Loss: 2.1248812675476074
2025-01-22 08:51:22,992 - INFO - Epoch 1, Loss: 2.1613478660583496
2025-01-22 08:51:23,009 - INFO - Epoch 1, Loss: 2.179244041442871
2025-01-22 08:51:23,026 - INFO - Epoch 1, Loss: 2.181387186050415
2025-01-22 08:51:23,043 - INFO - Epoch 1, Loss: 2.144728422164917
2025-01-22 08:51:23,061 - INFO - Epoch 1, Loss: 2.1283061504364014
2025-01-22 08:51:23,078 - INFO - Epoch 1, Loss: 2.1658103466033936
2025-01-22 08:51:23,096 - INFO - Epoch 1, Loss: 2.134685516357422
2025-01-22 08:51:23,113 - INFO - Epoch 1, Loss: 2.1735401153564453
2025-01-22 08:51:23,130 - INFO - Epoch 1, Loss: 2.1816678047180176
2025-01-22 08:51:23,147 - INFO - Epoch 1, Loss: 2.188883066177368
2025-01-22 08:51:23,166 - INFO - Epoch 1, Loss: 2.1363961696624756
2025-01-22 08:51:23,183 - INFO - Epoch 1, Loss: 2.148921012878418
2025-01-22 08:51:23,200 - INFO - Epoch 1, Loss: 2.1916675567626953
2025-01-22 08:51:23,217 - INFO - Epoch 1, Loss: 2.1279959678649902
2025-01-22 08:51:23,234 - INFO - Epoch 1, Loss: 2.1067862510681152
2025-01-22 08:51:23,252 - INFO - Epoch 1, Loss: 2.1528098583221436
2025-01-22 08:51:23,268 - INFO - Epoch 1, Loss: 2.1401004791259766
2025-01-22 08:51:23,285 - INFO - Epoch 1, Loss: 2.1152026653289795
2025-01-22 08:51:23,303 - INFO - Epoch 1, Loss: 2.1983864307403564
2025-01-22 08:51:23,321 - INFO - Epoch 1, Loss: 2.1445765495300293
2025-01-22 08:51:23,338 - INFO - Epoch 1, Loss: 2.170689344406128
2025-01-22 08:51:23,356 - INFO - Epoch 1, Loss: 2.1329829692840576
2025-01-22 08:51:23,372 - INFO - Epoch 1, Loss: 2.1412439346313477
2025-01-22 08:51:23,390 - INFO - Epoch 1, Loss: 2.1394615173339844
2025-01-22 08:51:23,407 - INFO - Epoch 1, Loss: 2.1531155109405518
2025-01-22 08:51:23,424 - INFO - Epoch 1, Loss: 2.1499991416931152
2025-01-22 08:51:23,442 - INFO - Epoch 1, Loss: 2.149127960205078
2025-01-22 08:51:23,458 - INFO - Epoch 1, Loss: 2.1686081886291504
2025-01-22 08:51:23,476 - INFO - Epoch 1, Loss: 2.1503546237945557
2025-01-22 08:51:23,493 - INFO - Epoch 1, Loss: 2.155263662338257
2025-01-22 08:51:23,510 - INFO - Epoch 1, Loss: 2.132927894592285
2025-01-22 08:51:23,527 - INFO - Epoch 1, Loss: 2.1454944610595703
2025-01-22 08:51:23,544 - INFO - Epoch 1, Loss: 2.089392900466919
2025-01-22 08:51:23,561 - INFO - Epoch 1, Loss: 2.1469547748565674
2025-01-22 08:51:23,578 - INFO - Epoch 1, Loss: 2.1222126483917236
2025-01-22 08:51:23,596 - INFO - Epoch 1, Loss: 2.165367841720581
2025-01-22 08:51:23,613 - INFO - Epoch 1, Loss: 2.09741473197937
2025-01-22 08:51:23,631 - INFO - Epoch 1, Loss: 2.171112060546875
2025-01-22 08:51:23,648 - INFO - Epoch 1, Loss: 2.158642530441284
2025-01-22 08:51:23,667 - INFO - Epoch 1, Loss: 2.134561777114868
2025-01-22 08:51:23,685 - INFO - Epoch 1, Loss: 2.1487748622894287
2025-01-22 08:51:23,704 - INFO - Epoch 1, Loss: 2.1237494945526123
2025-01-22 08:51:23,722 - INFO - Epoch 1, Loss: 2.1365203857421875
2025-01-22 08:51:23,741 - INFO - Epoch 1, Loss: 2.1646461486816406
2025-01-22 08:51:23,760 - INFO - Epoch 1, Loss: 2.0770328044891357
2025-01-22 08:51:23,778 - INFO - Epoch 1, Loss: 2.1381046772003174
2025-01-22 08:51:23,797 - INFO - Epoch 1, Loss: 2.123732328414917
2025-01-22 08:51:23,816 - INFO - Epoch 1, Loss: 2.0843288898468018
2025-01-22 08:51:23,835 - INFO - Epoch 1, Loss: 2.16573429107666
2025-01-22 08:51:23,854 - INFO - Epoch 1, Loss: 2.12270188331604
2025-01-22 08:51:23,872 - INFO - Epoch 1, Loss: 2.109678030014038
2025-01-22 08:51:23,890 - INFO - Epoch 1, Loss: 2.0755221843719482
2025-01-22 08:51:23,908 - INFO - Epoch 1, Loss: 2.1031973361968994
2025-01-22 08:51:23,927 - INFO - Epoch 1, Loss: 2.1156699657440186
2025-01-22 08:51:23,946 - INFO - Epoch 1, Loss: 2.1283326148986816
2025-01-22 08:51:23,964 - INFO - Epoch 1, Loss: 2.098875045776367
2025-01-22 08:51:23,983 - INFO - Epoch 1, Loss: 2.132690906524658
2025-01-22 08:51:24,001 - INFO - Epoch 1, Loss: 2.142223358154297
2025-01-22 08:51:24,020 - INFO - Epoch 1, Loss: 2.1580984592437744
2025-01-22 08:51:24,039 - INFO - Epoch 1, Loss: 2.133056163787842
2025-01-22 08:51:24,057 - INFO - Epoch 1, Loss: 2.1213619709014893
2025-01-22 08:51:24,076 - INFO - Epoch 1, Loss: 2.1308884620666504
2025-01-22 08:51:24,094 - INFO - Epoch 1, Loss: 2.1440916061401367
2025-01-22 08:51:24,112 - INFO - Epoch 1, Loss: 2.1478281021118164
2025-01-22 08:51:24,131 - INFO - Epoch 1, Loss: 2.126344919204712
2025-01-22 08:51:24,149 - INFO - Epoch 1, Loss: 2.09311580657959
2025-01-22 08:51:24,167 - INFO - Epoch 1, Loss: 2.1294095516204834
2025-01-22 08:51:24,186 - INFO - Epoch 1, Loss: 2.102811813354492
2025-01-22 08:51:24,204 - INFO - Epoch 1, Loss: 2.1363396644592285
2025-01-22 08:51:24,222 - INFO - Epoch 1, Loss: 2.1540920734405518
2025-01-22 08:51:24,241 - INFO - Epoch 1, Loss: 2.087265729904175
2025-01-22 08:51:24,259 - INFO - Epoch 1, Loss: 2.134195327758789
2025-01-22 08:51:24,278 - INFO - Epoch 1, Loss: 2.1103641986846924
2025-01-22 08:51:24,296 - INFO - Epoch 1, Loss: 2.1610047817230225
2025-01-22 08:51:24,315 - INFO - Epoch 1, Loss: 2.100273847579956
2025-01-22 08:51:24,333 - INFO - Epoch 1, Loss: 2.1476054191589355
2025-01-22 08:51:24,352 - INFO - Epoch 1, Loss: 2.1311113834381104
2025-01-22 08:51:24,371 - INFO - Epoch 1, Loss: 2.1051576137542725
2025-01-22 08:51:24,390 - INFO - Epoch 1, Loss: 2.0395636558532715
2025-01-22 08:51:24,409 - INFO - Epoch 1, Loss: 2.095073699951172
2025-01-22 08:51:24,427 - INFO - Epoch 1, Loss: 2.103611707687378
2025-01-22 08:51:24,446 - INFO - Epoch 1, Loss: 2.1068825721740723
2025-01-22 08:51:24,464 - INFO - Epoch 1, Loss: 2.122152805328369
2025-01-22 08:51:24,483 - INFO - Epoch 1, Loss: 2.1047861576080322
2025-01-22 08:51:24,501 - INFO - Epoch 1, Loss: 2.1264283657073975
2025-01-22 08:51:24,520 - INFO - Epoch 1, Loss: 2.0990030765533447
2025-01-22 08:51:24,538 - INFO - Epoch 1, Loss: 2.130685329437256
2025-01-22 08:51:24,556 - INFO - Epoch 1, Loss: 2.0843589305877686
2025-01-22 08:51:24,575 - INFO - Epoch 1, Loss: 2.1032116413116455
2025-01-22 08:51:24,593 - INFO - Epoch 1, Loss: 2.1406610012054443
2025-01-22 08:51:24,611 - INFO - Epoch 1, Loss: 2.1517646312713623
2025-01-22 08:51:24,630 - INFO - Epoch 1, Loss: 2.0864648818969727
2025-01-22 08:51:24,648 - INFO - Epoch 1, Loss: 2.08780574798584
2025-01-22 08:51:24,666 - INFO - Epoch 1, Loss: 2.145577907562256
2025-01-22 08:51:24,686 - INFO - Epoch 1, Loss: 2.0662736892700195
2025-01-22 08:51:24,707 - INFO - Epoch 1, Loss: 2.096285104751587
2025-01-22 08:51:24,728 - INFO - Epoch 1, Loss: 2.130842924118042
2025-01-22 08:51:24,748 - INFO - Epoch 1, Loss: 2.046051263809204
2025-01-22 08:51:24,767 - INFO - Epoch 1, Loss: 2.0763535499572754
2025-01-22 08:51:24,788 - INFO - Epoch 1, Loss: 2.079803705215454
2025-01-22 08:51:24,809 - INFO - Epoch 1, Loss: 2.148930549621582
2025-01-22 08:51:24,829 - INFO - Epoch 1, Loss: 2.0878965854644775
2025-01-22 08:51:24,850 - INFO - Epoch 1, Loss: 2.1009833812713623
2025-01-22 08:51:24,872 - INFO - Epoch 1, Loss: 2.0812268257141113
2025-01-22 08:51:24,891 - INFO - Epoch 1, Loss: 2.0515553951263428
2025-01-22 08:51:24,911 - INFO - Epoch 1, Loss: 2.1183104515075684
2025-01-22 08:51:24,932 - INFO - Epoch 1, Loss: 2.118459701538086
2025-01-22 08:51:24,952 - INFO - Epoch 1, Loss: 2.075742244720459
2025-01-22 08:51:24,972 - INFO - Epoch 1, Loss: 2.0925180912017822
2025-01-22 08:51:24,992 - INFO - Epoch 1, Loss: 2.074427366256714
2025-01-22 08:51:25,012 - INFO - Epoch 1, Loss: 2.105036973953247
2025-01-22 08:51:25,032 - INFO - Epoch 1, Loss: 2.088869571685791
2025-01-22 08:51:25,051 - INFO - Epoch 1, Loss: 2.0987799167633057
2025-01-22 08:51:25,072 - INFO - Epoch 1, Loss: 2.113116979598999
2025-01-22 08:51:25,092 - INFO - Epoch 1, Loss: 2.038949728012085
2025-01-22 08:51:25,112 - INFO - Epoch 1, Loss: 2.098602294921875
2025-01-22 08:51:25,133 - INFO - Epoch 1, Loss: 2.092729091644287
2025-01-22 08:51:25,154 - INFO - Epoch 1, Loss: 2.118373394012451
2025-01-22 08:51:25,173 - INFO - Epoch 1, Loss: 2.0604217052459717
2025-01-22 08:51:25,193 - INFO - Epoch 1, Loss: 2.0607151985168457
2025-01-22 08:51:25,213 - INFO - Epoch 1, Loss: 2.051722764968872
2025-01-22 08:51:25,232 - INFO - Epoch 1, Loss: 2.1157655715942383
2025-01-22 08:51:25,252 - INFO - Epoch 1, Loss: 2.0712695121765137
2025-01-22 08:51:25,271 - INFO - Epoch 1, Loss: 2.0898330211639404
2025-01-22 08:51:25,292 - INFO - Epoch 1, Loss: 2.0846025943756104
2025-01-22 08:51:25,312 - INFO - Epoch 1, Loss: 2.113104820251465
2025-01-22 08:51:25,331 - INFO - Epoch 1, Loss: 2.0849978923797607
2025-01-22 08:51:25,351 - INFO - Epoch 1, Loss: 2.1157500743865967
2025-01-22 08:51:25,371 - INFO - Epoch 1, Loss: 2.066718816757202
2025-01-22 08:51:25,390 - INFO - Epoch 1, Loss: 2.127828598022461
2025-01-22 08:51:25,409 - INFO - Epoch 1, Loss: 2.1087818145751953
2025-01-22 08:51:25,429 - INFO - Epoch 1, Loss: 2.0313124656677246
2025-01-22 08:51:25,450 - INFO - Epoch 1, Loss: 2.0797293186187744
2025-01-22 08:51:25,472 - INFO - Epoch 1, Loss: 2.0432589054107666
2025-01-22 08:51:25,492 - INFO - Epoch 1, Loss: 2.0664865970611572
2025-01-22 08:51:25,512 - INFO - Epoch 1, Loss: 2.048621892929077
2025-01-22 08:51:25,533 - INFO - Epoch 1, Loss: 2.1093838214874268
2025-01-22 08:51:25,553 - INFO - Epoch 1, Loss: 2.0349936485290527
2025-01-22 08:51:25,573 - INFO - Epoch 1, Loss: 2.0505521297454834
2025-01-22 08:51:25,593 - INFO - Epoch 1, Loss: 2.053370952606201
2025-01-22 08:51:25,613 - INFO - Epoch 1, Loss: 2.0249273777008057
2025-01-22 08:51:25,634 - INFO - Epoch 1, Loss: 2.05220890045166
2025-01-22 08:51:25,655 - INFO - Epoch 1, Loss: 2.0711724758148193
2025-01-22 08:51:25,675 - INFO - Epoch 1, Loss: 2.0780270099639893
2025-01-22 08:51:25,696 - INFO - Epoch 1, Loss: 2.0449113845825195
2025-01-22 08:51:25,719 - INFO - Epoch 1, Loss: 2.14445424079895
2025-01-22 08:51:25,740 - INFO - Epoch 1, Loss: 2.069052219390869
2025-01-22 08:51:25,761 - INFO - Epoch 1, Loss: 2.056400775909424
2025-01-22 08:51:25,784 - INFO - Epoch 1, Loss: 2.0587852001190186
2025-01-22 08:51:25,802 - INFO - Epoch 1, Loss: 2.072511672973633
2025-01-22 08:51:25,824 - INFO - Epoch 1, Loss: 2.1283392906188965
2025-01-22 08:51:25,843 - INFO - Epoch 1, Loss: 2.044769525527954
2025-01-22 08:51:25,863 - INFO - Epoch 1, Loss: 2.086418867111206
2025-01-22 08:51:25,883 - INFO - Epoch 1, Loss: 2.06947922706604
2025-01-22 08:51:25,905 - INFO - Epoch 1, Loss: 2.056872844696045
2025-01-22 08:51:25,925 - INFO - Epoch 1, Loss: 2.0889270305633545
2025-01-22 08:51:25,947 - INFO - Epoch 1, Loss: 2.058444023132324
2025-01-22 08:51:25,968 - INFO - Epoch 1, Loss: 2.0347795486450195
2025-01-22 08:51:25,987 - INFO - Epoch 1, Loss: 2.0520060062408447
2025-01-22 08:51:26,007 - INFO - Epoch 1, Loss: 2.052934408187866
2025-01-22 08:51:26,027 - INFO - Epoch 1, Loss: 2.088409662246704
2025-01-22 08:51:26,046 - INFO - Epoch 1, Loss: 2.0081751346588135
2025-01-22 08:51:26,067 - INFO - Epoch 1, Loss: 2.051309108734131
2025-01-22 08:51:26,086 - INFO - Epoch 1, Loss: 2.056431531906128
2025-01-22 08:51:26,106 - INFO - Epoch 1, Loss: 2.127736806869507
2025-01-22 08:51:26,127 - INFO - Epoch 1, Loss: 2.0631747245788574
2025-01-22 08:51:26,145 - INFO - Epoch 1, Loss: 2.0512263774871826
2025-01-22 08:51:26,165 - INFO - Epoch 1, Loss: 2.078101634979248
2025-01-22 08:51:26,185 - INFO - Epoch 1, Loss: 2.065452814102173
2025-01-22 08:51:26,205 - INFO - Epoch 1, Loss: 2.024815320968628
2025-01-22 08:51:26,225 - INFO - Epoch 1, Loss: 2.06091570854187
2025-01-22 08:51:26,245 - INFO - Epoch 1, Loss: 2.0660505294799805
2025-01-22 08:51:26,265 - INFO - Epoch 1, Loss: 2.072031259536743
2025-01-22 08:51:26,284 - INFO - Epoch 1, Loss: 2.0107316970825195
2025-01-22 08:51:26,303 - INFO - Epoch 1, Loss: 2.10819149017334
2025-01-22 08:51:26,323 - INFO - Epoch 1, Loss: 2.0432450771331787
2025-01-22 08:51:26,342 - INFO - Epoch 1, Loss: 2.036792039871216
2025-01-22 08:51:26,367 - INFO - Epoch 1, Loss: 2.0600290298461914
2025-01-22 08:51:26,396 - INFO - Epoch 1, Loss: 2.0179691314697266
2025-01-22 08:51:26,424 - INFO - Epoch 1, Loss: 2.0628507137298584
2025-01-22 08:51:26,451 - INFO - Epoch 1, Loss: 2.049558401107788
2025-01-22 08:51:26,478 - INFO - Epoch 1, Loss: 2.053309440612793
2025-01-22 08:51:26,507 - INFO - Epoch 1, Loss: 2.0568432807922363
2025-01-22 08:51:26,536 - INFO - Epoch 1, Loss: 2.0798373222351074
2025-01-22 08:51:26,562 - INFO - Epoch 1, Loss: 2.0524024963378906
2025-01-22 08:51:26,589 - INFO - Epoch 1, Loss: 2.0419251918792725
2025-01-22 08:51:26,618 - INFO - Epoch 1, Loss: 2.053220748901367
2025-01-22 08:51:26,646 - INFO - Epoch 1, Loss: 2.074429750442505
2025-01-22 08:51:26,673 - INFO - Epoch 1, Loss: 2.0064806938171387
2025-01-22 08:51:26,703 - INFO - Epoch 1, Loss: 2.0553812980651855
2025-01-22 08:51:26,732 - INFO - Epoch 1, Loss: 2.0491831302642822
2025-01-22 08:51:26,751 - INFO - Epoch 1, Loss: 2.0651276111602783
2025-01-22 08:51:26,821 - INFO - Epoch 1, Loss: 2.0588834285736084
2025-01-22 08:51:26,891 - INFO - Epoch 1, Loss: 2.0245752334594727
2025-01-22 08:51:26,962 - INFO - Epoch 1, Loss: 2.0352675914764404
2025-01-22 08:51:27,032 - INFO - Epoch 1, Loss: 2.032205581665039
2025-01-22 08:51:27,102 - INFO - Epoch 1, Loss: 2.060267448425293
2025-01-22 08:51:27,172 - INFO - Epoch 1, Loss: 2.0693395137786865
2025-01-22 08:51:27,242 - INFO - Epoch 1, Loss: 2.0202057361602783
2025-01-22 08:51:27,313 - INFO - Epoch 1, Loss: 2.0567235946655273
2025-01-22 08:51:27,383 - INFO - Epoch 1, Loss: 2.0558111667633057
2025-01-22 08:51:27,454 - INFO - Epoch 1, Loss: 2.000105619430542
2025-01-22 08:51:27,524 - INFO - Epoch 1, Loss: 2.0700600147247314
2025-01-22 08:51:27,595 - INFO - Epoch 1, Loss: 2.064683437347412
2025-01-22 08:51:27,666 - INFO - Epoch 1, Loss: 2.0063343048095703
2025-01-22 08:51:27,736 - INFO - Epoch 1, Loss: 1.9990450143814087
2025-01-22 08:51:27,806 - INFO - Epoch 1, Loss: 2.0057621002197266
2025-01-22 08:51:27,826 - INFO - Epoch 1, Loss: 2.008821964263916
2025-01-22 08:51:27,846 - INFO - Epoch 1, Loss: 2.0045292377471924
2025-01-22 08:51:27,864 - INFO - Epoch 1, Loss: 2.014716148376465
2025-01-22 08:51:27,885 - INFO - Epoch 1, Loss: 2.0797629356384277
2025-01-22 08:51:27,904 - INFO - Epoch 1, Loss: 2.0411622524261475
2025-01-22 08:51:27,923 - INFO - Epoch 1, Loss: 2.0331530570983887
2025-01-22 08:51:27,944 - INFO - Epoch 1, Loss: 2.006427526473999
2025-01-22 08:51:27,964 - INFO - Epoch 1, Loss: 1.9486054182052612
2025-01-22 08:51:27,984 - INFO - Epoch 1, Loss: 2.0796802043914795
2025-01-22 08:51:28,005 - INFO - Epoch 1, Loss: 2.012570858001709
2025-01-22 08:51:28,025 - INFO - Epoch 1, Loss: 2.0375943183898926
2025-01-22 08:51:28,045 - INFO - Epoch 1, Loss: 2.033977508544922
2025-01-22 08:51:28,067 - INFO - Epoch 1, Loss: 2.0333335399627686
2025-01-22 08:51:28,087 - INFO - Epoch 1, Loss: 2.0491819381713867
2025-01-22 08:51:28,106 - INFO - Epoch 1, Loss: 2.06510329246521
2025-01-22 08:51:28,127 - INFO - Epoch 1, Loss: 2.02873158454895
2025-01-22 08:51:28,146 - INFO - Epoch 1, Loss: 2.002413272857666
2025-01-22 08:51:28,167 - INFO - Epoch 1, Loss: 2.096693515777588
2025-01-22 08:51:28,187 - INFO - Epoch 1, Loss: 1.9880183935165405
2025-01-22 08:51:28,207 - INFO - Epoch 1, Loss: 2.024197578430176
2025-01-22 08:51:28,227 - INFO - Epoch 1, Loss: 2.0532047748565674
2025-01-22 08:51:28,247 - INFO - Epoch 1, Loss: 2.059937000274658
2025-01-22 08:51:28,267 - INFO - Epoch 1, Loss: 2.036332607269287
2025-01-22 08:51:28,292 - INFO - Epoch 1, Loss: 2.0040481090545654
2025-01-22 08:51:28,313 - INFO - Epoch 1, Loss: 2.001189708709717
2025-01-22 08:51:28,333 - INFO - Epoch 1, Loss: 1.9882240295410156
2025-01-22 08:51:28,354 - INFO - Epoch 1, Loss: 2.0263831615448
2025-01-22 08:51:28,375 - INFO - Epoch 1, Loss: 2.04189133644104
2025-01-22 08:51:28,396 - INFO - Epoch 1, Loss: 2.0035459995269775
2025-01-22 08:51:28,418 - INFO - Epoch 1, Loss: 2.010373592376709
2025-01-22 08:51:28,441 - INFO - Epoch 1, Loss: 1.9936065673828125
2025-01-22 08:51:28,461 - INFO - Epoch 1, Loss: 1.9821348190307617
2025-01-22 08:51:28,484 - INFO - Epoch 1, Loss: 2.028031826019287
2025-01-22 08:51:28,504 - INFO - Epoch 1, Loss: 2.032029390335083
2025-01-22 08:51:28,523 - INFO - Epoch 1, Loss: 2.034437894821167
2025-01-22 08:51:28,544 - INFO - Epoch 1, Loss: 2.0371906757354736
2025-01-22 08:51:28,565 - INFO - Epoch 1, Loss: 1.9803169965744019
2025-01-22 08:51:28,585 - INFO - Epoch 1, Loss: 2.058119058609009
2025-01-22 08:51:28,606 - INFO - Epoch 1, Loss: 1.9919651746749878
2025-01-22 08:51:28,626 - INFO - Epoch 1, Loss: 2.0460891723632812
2025-01-22 08:51:28,645 - INFO - Epoch 1, Loss: 2.0159177780151367
2025-01-22 08:51:28,666 - INFO - Epoch 1, Loss: 2.0225393772125244
2025-01-22 08:51:28,688 - INFO - Epoch 1, Loss: 2.0449886322021484
2025-01-22 08:51:28,710 - INFO - Epoch 1, Loss: 1.9932857751846313
2025-01-22 08:51:28,732 - INFO - Epoch 1, Loss: 1.9900000095367432
2025-01-22 08:51:28,751 - INFO - Epoch 1, Loss: 1.9994734525680542
2025-01-22 08:51:28,771 - INFO - Epoch 1, Loss: 2.0137670040130615
2025-01-22 08:51:28,792 - INFO - Epoch 1, Loss: 1.9610556364059448
2025-01-22 08:51:28,814 - INFO - Epoch 1, Loss: 2.012622833251953
2025-01-22 08:51:28,843 - INFO - Epoch 1, Loss: 2.0322327613830566
2025-01-22 08:51:28,915 - INFO - Epoch 1, Loss: 2.0283846855163574
2025-01-22 08:51:28,986 - INFO - Epoch 1, Loss: 2.0234081745147705
2025-01-22 08:51:29,057 - INFO - Epoch 1, Loss: 2.0113587379455566
2025-01-22 08:51:29,127 - INFO - Epoch 1, Loss: 1.9712196588516235
2025-01-22 08:51:29,197 - INFO - Epoch 1, Loss: 1.9949036836624146
2025-01-22 08:51:29,267 - INFO - Epoch 1, Loss: 1.9972201585769653
2025-01-22 08:51:29,338 - INFO - Epoch 1, Loss: 1.97781240940094
2025-01-22 08:51:29,408 - INFO - Epoch 1, Loss: 1.9752533435821533
2025-01-22 08:51:29,478 - INFO - Epoch 1, Loss: 2.0116400718688965
2025-01-22 08:51:29,548 - INFO - Epoch 1, Loss: 1.946155309677124
2025-01-22 08:51:29,619 - INFO - Epoch 1, Loss: 2.001185178756714
2025-01-22 08:51:29,690 - INFO - Epoch 1, Loss: 2.0386154651641846
2025-01-22 08:51:29,760 - INFO - Epoch 1, Loss: 2.00127911567688
2025-01-22 08:51:29,831 - INFO - Epoch 1, Loss: 2.028390645980835
2025-01-22 08:51:29,881 - INFO - Epoch 1, Loss: 2.0194690227508545
2025-01-22 08:51:29,903 - INFO - Epoch 1, Loss: 2.0167863368988037
2025-01-22 08:51:29,922 - INFO - Epoch 1, Loss: 2.038259744644165
2025-01-22 08:51:29,943 - INFO - Epoch 1, Loss: 2.0362656116485596
2025-01-22 08:51:29,964 - INFO - Epoch 1, Loss: 1.9918419122695923
2025-01-22 08:51:29,986 - INFO - Epoch 1, Loss: 1.9783763885498047
2025-01-22 08:51:30,007 - INFO - Epoch 1, Loss: 2.0415966510772705
2025-01-22 08:51:30,028 - INFO - Epoch 1, Loss: 2.0386836528778076
2025-01-22 08:51:30,048 - INFO - Epoch 1, Loss: 1.9843847751617432
2025-01-22 08:51:30,069 - INFO - Epoch 1, Loss: 2.014765501022339
2025-01-22 08:51:30,092 - INFO - Epoch 1, Loss: 1.9913443326950073
2025-01-22 08:51:30,111 - INFO - Epoch 1, Loss: 1.9956892728805542
2025-01-22 08:51:30,132 - INFO - Epoch 1, Loss: 1.994933843612671
2025-01-22 08:51:30,154 - INFO - Epoch 1, Loss: 2.0141468048095703
2025-01-22 08:51:30,173 - INFO - Epoch 1, Loss: 2.0105292797088623
2025-01-22 08:51:30,194 - INFO - Epoch 1, Loss: 2.0291576385498047
2025-01-22 08:51:30,213 - INFO - Epoch 1, Loss: 2.047746419906616
